<?xml version="1.0" encoding="UTF-8"?>
<!-- Generated by org.testng.reporters.JUnitXMLReporter -->
<testsuite ignored="0" hostname="DESKTOP-E5DSOUD" failures="0" tests="9" name="Default test" time="0.135" errors="0" timestamp="2023-01-24T12:18:31 IST">
  <testcase classname="TestNG2.PriorityClass" name="a" time="0.021"/>
  <testcase classname="TestNG2.PriorityClass" name="b" time="0.002"/>
  <testcase classname="TestNG2.PriorityClass" name="g" time="0.003"/>
  <testcase classname="TestNG2.PriorityClass" name="i" time="0.001"/>
  <testcase classname="TestNG2.PriorityClass" name="k" time="0.003"/>
  <testcase classname="TestNG2.PriorityClass" name="h" time="0.003"/>
  <testcase classname="TestNG2.PriorityClass" name="p" time="0.004"/>
  <testcase classname="TestNG2.PriorityClass" name="z" time="0.002"/>
  <testcase classname="TestNG2.PriorityClass" name="m" time="0.001"/>
</testsuite> <!-- Default test -->
