<?xml version="1.0" encoding="UTF-8"?>
<!-- Generated by org.testng.reporters.JUnitXMLReporter -->
<testsuite ignored="3" hostname="DESKTOP-E5DSOUD" failures="0" tests="1" name="Test" time="0.064" errors="0" timestamp="2023-01-21T14:52:50 IST">
  <testcase classname="testNGpack.Flag6" name="ft2" time="0.011"/>
  <testcase classname="testNGpack.Flag6" name="ft1" time="0.0">
    <ignored/>
  </testcase> <!-- ft1 -->
  <testcase classname="testNGpack.Flag6" name="ft4" time="0.0">
    <ignored/>
  </testcase> <!-- ft4 -->
  <testcase classname="testNGpack.Flag6" name="ft3" time="0.0">
    <ignored/>
  </testcase> <!-- ft3 -->
</testsuite> <!-- Test -->
